<?xml version="1.0" encoding="UTF-8"?>
<!-- Generated by org.testng.reporters.JUnitReportReporter -->
<testsuite skipped="0" hostname="Admin-PC" name="Steps.LoginTestNG" tests="1" failures="0" timestamp="11 Aug 2018 06:15:02 GMT" time="4.615" errors="0">
  <testcase name="Login" time="4.615" classname="Steps.LoginTestNG"/>
</testsuite> <!-- Steps.LoginTestNG -->
